[2021-07-09 09:50:34] local.ERROR: array_multisort(): Argument #1 ($array) must be an array or a sort flag {"exception":"[object] (TypeError(code: 0): array_multisort(): Argument #1 ($array) must be an array or a sort flag at /Users/kelechiokwuriki/Desktop/Dev/ReservationApp/app/Services/Utility/Utilities.php:8)
[stacktrace]
#0 /Users/kelechiokwuriki/Desktop/Dev/ReservationApp/app/Services/Utility/Utilities.php(8): array_multisort(NULL)
#1 /Users/kelechiokwuriki/Desktop/Dev/ReservationApp/app/Services/Reservation/ReservationService.php(89): App\\Services\\Utility\\Utilities->arrays_are_equal(Array, Array)
#2 /Users/kelechiokwuriki/Desktop/Dev/ReservationApp/app/Http/Controllers/Api/ReservationController.php(22): App\\Services\\Reservation\\ReservationService->createReservation(Array)
#3 /Users/kelechiokwuriki/Desktop/Dev/ReservationApp/vendor/laravel/framework/src/Illuminate/Routing/Controller.php(54): App\\Http\\Controllers\\Api\\ReservationController->store(Object(Illuminate\\Http\\Request))
#4 /Users/kelechiokwuriki/Desktop/Dev/ReservationApp/vendor/laravel/framework/src/Illuminate/Routing/ControllerDispatcher.php(45): Illuminate\\Routing\\Controller->callAction('store', Array)
#5 /Users/kelechiokwuriki/Desktop/Dev/ReservationApp/vendor/laravel/framework/src/Illuminate/Routing/Route.php(239): Illuminate\\Routing\\ControllerDispatcher->dispatch(Object(Illuminate\\Routing\\Route), Object(App\\Http\\Controllers\\Api\\ReservationController), 'store')
#6 /Users/kelechiokwuriki/Desktop/Dev/ReservationApp/vendor/laravel/framework/src/Illuminate/Routing/Route.php(196): Illuminate\\Routing\\Route->runController()
#7 /Users/kelechiokwuriki/Desktop/Dev/ReservationApp/vendor/laravel/framework/src/Illuminate/Routing/Router.php(685): Illuminate\\Routing\\Route->run()
#8 /Users/kelechiokwuriki/Desktop/Dev/ReservationApp/vendor/laravel/framework/src/Illuminate/Pipeline/Pipeline.php(128): Illuminate\\Routing\\Router->Illuminate\\Routing\\{closure}(Object(Illuminate\\Http\\Request))
#9 /Users/kelechiokwuriki/Desktop/Dev/ReservationApp/vendor/laravel/framework/src/Illuminate/Routing/Middleware/SubstituteBindings.php(41): Illuminate\\Pipeline\\Pipeline->Illuminate\\Pipeline\\{closure}(Object(Illuminate\\Http\\Request))
#10 /Users/kelechiokwuriki/Desktop/Dev/ReservationApp/vendor/laravel/framework/src/Illuminate/Pipeline/Pipeline.php(167): Illuminate\\Routing\\Middleware\\SubstituteBindings->handle(Object(Illuminate\\Http\\Request), Object(Closure))
#11 /Users/kelechiokwuriki/Desktop/Dev/ReservationApp/vendor/laravel/framework/src/Illuminate/Routing/Middleware/ThrottleRequests.php(59): Illuminate\\Pipeline\\Pipeline->Illuminate\\Pipeline\\{closure}(Object(Illuminate\\Http\\Request))
#12 /Users/kelechiokwuriki/Desktop/Dev/ReservationApp/vendor/laravel/framework/src/Illuminate/Pipeline/Pipeline.php(167): Illuminate\\Routing\\Middleware\\ThrottleRequests->handle(Object(Illuminate\\Http\\Request), Object(Closure), 60, '1')
#13 /Users/kelechiokwuriki/Desktop/Dev/ReservationApp/vendor/laravel/framework/src/Illuminate/Pipeline/Pipeline.php(103): Illuminate\\Pipeline\\Pipeline->Illuminate\\Pipeline\\{closure}(Object(Illuminate\\Http\\Request))
#14 /Users/kelechiokwuriki/Desktop/Dev/ReservationApp/vendor/laravel/framework/src/Illuminate/Routing/Router.php(687): Illuminate\\Pipeline\\Pipeline->then(Object(Closure))
#15 /Users/kelechiokwuriki/Desktop/Dev/ReservationApp/vendor/laravel/framework/src/Illuminate/Routing/Router.php(662): Illuminate\\Routing\\Router->runRouteWithinStack(Object(Illuminate\\Routing\\Route), Object(Illuminate\\Http\\Request))
#16 /Users/kelechiokwuriki/Desktop/Dev/ReservationApp/vendor/laravel/framework/src/Illuminate/Routing/Router.php(628): Illuminate\\Routing\\Router->runRoute(Object(Illuminate\\Http\\Request), Object(Illuminate\\Routing\\Route))
#17 /Users/kelechiokwuriki/Desktop/Dev/ReservationApp/vendor/laravel/framework/src/Illuminate/Routing/Router.php(617): Illuminate\\Routing\\Router->dispatchToRoute(Object(Illuminate\\Http\\Request))
#18 /Users/kelechiokwuriki/Desktop/Dev/ReservationApp/vendor/laravel/framework/src/Illuminate/Foundation/Http/Kernel.php(165): Illuminate\\Routing\\Router->dispatch(Object(Illuminate\\Http\\Request))
#19 /Users/kelechiokwuriki/Desktop/Dev/ReservationApp/vendor/laravel/framework/src/Illuminate/Pipeline/Pipeline.php(128): Illuminate\\Foundation\\Http\\Kernel->Illuminate\\Foundation\\Http\\{closure}(Object(Illuminate\\Http\\Request))
#20 /Users/kelechiokwuriki/Desktop/Dev/ReservationApp/vendor/laravel/framework/src/Illuminate/Foundation/Http/Middleware/TransformsRequest.php(21): Illuminate\\Pipeline\\Pipeline->Illuminate\\Pipeline\\{closure}(Object(Illuminate\\Http\\Request))
#21 /Users/kelechiokwuriki/Desktop/Dev/ReservationApp/vendor/laravel/framework/src/Illuminate/Pipeline/Pipeline.php(167): Illuminate\\Foundation\\Http\\Middleware\\TransformsRequest->handle(Object(Illuminate\\Http\\Request), Object(Closure))
#22 /Users/kelechiokwuriki/Desktop/Dev/ReservationApp/vendor/laravel/framework/src/Illuminate/Foundation/Http/Middleware/TransformsRequest.php(21): Illuminate\\Pipeline\\Pipeline->Illuminate\\Pipeline\\{closure}(Object(Illuminate\\Http\\Request))
#23 /Users/kelechiokwuriki/Desktop/Dev/ReservationApp/vendor/laravel/framework/src/Illuminate/Pipeline/Pipeline.php(167): Illuminate\\Foundation\\Http\\Middleware\\TransformsRequest->handle(Object(Illuminate\\Http\\Request), Object(Closure))
#24 /Users/kelechiokwuriki/Desktop/Dev/ReservationApp/vendor/laravel/framework/src/Illuminate/Foundation/Http/Middleware/ValidatePostSize.php(27): Illuminate\\Pipeline\\Pipeline->Illuminate\\Pipeline\\{closure}(Object(Illuminate\\Http\\Request))
#25 /Users/kelechiokwuriki/Desktop/Dev/ReservationApp/vendor/laravel/framework/src/Illuminate/Pipeline/Pipeline.php(167): Illuminate\\Foundation\\Http\\Middleware\\ValidatePostSize->handle(Object(Illuminate\\Http\\Request), Object(Closure))
#26 /Users/kelechiokwuriki/Desktop/Dev/ReservationApp/vendor/laravel/framework/src/Illuminate/Foundation/Http/Middleware/CheckForMaintenanceMode.php(63): Illuminate\\Pipeline\\Pipeline->Illuminate\\Pipeline\\{closure}(Object(Illuminate\\Http\\Request))
#27 /Users/kelechiokwuriki/Desktop/Dev/ReservationApp/vendor/laravel/framework/src/Illuminate/Pipeline/Pipeline.php(167): Illuminate\\Foundation\\Http\\Middleware\\CheckForMaintenanceMode->handle(Object(Illuminate\\Http\\Request), Object(Closure))
#28 /Users/kelechiokwuriki/Desktop/Dev/ReservationApp/vendor/fruitcake/laravel-cors/src/HandleCors.php(52): Illuminate\\Pipeline\\Pipeline->Illuminate\\Pipeline\\{closure}(Object(Illuminate\\Http\\Request))
#29 /Users/kelechiokwuriki/Desktop/Dev/ReservationApp/vendor/laravel/framework/src/Illuminate/Pipeline/Pipeline.php(167): Fruitcake\\Cors\\HandleCors->handle(Object(Illuminate\\Http\\Request), Object(Closure))
#30 /Users/kelechiokwuriki/Desktop/Dev/ReservationApp/vendor/fideloper/proxy/src/TrustProxies.php(57): Illuminate\\Pipeline\\Pipeline->Illuminate\\Pipeline\\{closure}(Object(Illuminate\\Http\\Request))
#31 /Users/kelechiokwuriki/Desktop/Dev/ReservationApp/vendor/laravel/framework/src/Illuminate/Pipeline/Pipeline.php(167): Fideloper\\Proxy\\TrustProxies->handle(Object(Illuminate\\Http\\Request), Object(Closure))
#32 /Users/kelechiokwuriki/Desktop/Dev/ReservationApp/vendor/laravel/framework/src/Illuminate/Pipeline/Pipeline.php(103): Illuminate\\Pipeline\\Pipeline->Illuminate\\Pipeline\\{closure}(Object(Illuminate\\Http\\Request))
#33 /Users/kelechiokwuriki/Desktop/Dev/ReservationApp/vendor/laravel/framework/src/Illuminate/Foundation/Http/Kernel.php(140): Illuminate\\Pipeline\\Pipeline->then(Object(Closure))
#34 /Users/kelechiokwuriki/Desktop/Dev/ReservationApp/vendor/laravel/framework/src/Illuminate/Foundation/Http/Kernel.php(109): Illuminate\\Foundation\\Http\\Kernel->sendRequestThroughRouter(Object(Illuminate\\Http\\Request))
#35 /Users/kelechiokwuriki/Desktop/Dev/ReservationApp/public/index.php(55): Illuminate\\Foundation\\Http\\Kernel->handle(Object(Illuminate\\Http\\Request))
#36 /Users/kelechiokwuriki/Desktop/Dev/ReservationApp/server.php(21): require_once('/Users/kelechio...')
#37 {main}
"} 
